[0120/183532.103:ERROR:process_info.cc(329)] VirtualQueryEx: Access is denied. (0x5)
[0120/183532.150:ERROR:process_info.cc(556)] ReadMemoryInfo failed
[0120/183532.150:ERROR:process_memory_win.cc(39)] Failed to initialize ProcessInfo.
[0120/183532.150:ERROR:scoped_process_suspend.cc(40)] NtResumeProcess: An attempt was made to access an exiting process. (0xc000010a)
[0122/102212.192:ERROR:process_reader_win.cc(151)] SuspendThread: Access is denied. (0x5)
[0122/102212.193:ERROR:exception_snapshot_win.cc(98)] thread ID 4244 not found in process
[0211/141342.675:ERROR:process_reader_win.cc(151)] SuspendThread: Access is denied. (0x5)
[0211/141342.681:ERROR:process_reader_win.cc(151)] SuspendThread: Access is denied. (0x5)
[0211/141342.681:ERROR:exception_snapshot_win.cc(98)] thread ID 30380 not found in process
[0212/110347.314:ERROR:process_reader_win.cc(151)] SuspendThread: Access is denied. (0x5)
[0212/110347.333:ERROR:process_reader_win.cc(151)] SuspendThread: Access is denied. (0x5)
[0212/110347.333:ERROR:exception_snapshot_win.cc(98)] thread ID 34420 not found in process
[0212/115721.899:ERROR:process_info.cc(329)] VirtualQueryEx: Access is denied. (0x5)
[0212/115721.902:ERROR:process_info.cc(556)] ReadMemoryInfo failed
[0212/115721.902:ERROR:scoped_process_suspend.cc(40)] NtResumeProcess: An attempt was made to access an exiting process. (0xc000010a)
[0212/124832.254:ERROR:process_info.cc(329)] VirtualQueryEx: Access is denied. (0x5)
[0212/124832.254:ERROR:process_info.cc(556)] ReadMemoryInfo failed
[0212/124832.254:ERROR:process_memory_win.cc(39)] Failed to initialize ProcessInfo.
[0212/124832.254:ERROR:scoped_process_suspend.cc(40)] NtResumeProcess: An attempt was made to access an exiting process. (0xc000010a)
[0214/181841.152:ERROR:process_reader_win.cc(151)] SuspendThread: Access is denied. (0x5)
[0214/181841.189:ERROR:exception_snapshot_win.cc(98)] thread ID 3452 not found in process
[0214/181841.189:ERROR:scoped_process_suspend.cc(40)] NtResumeProcess: An attempt was made to access an exiting process. (0xc000010a)
[0214/181841.189:ERROR:scoped_process_suspend.cc(40)] NtResumeProcess: An attempt was made to access an exiting process. (0xc000010a)
